# JRE version: Java(TM) SE Runtime Environment (8.0_101-b13) (build 1.8.0_101-b13)
# Java VM: Java HotSpot(TM) 64-Bit Server VM (25.101-b13 mixed mode linux-amd64 compressed oops)
Heap:
 PSYoungGen      total 99328K, used 65045K [0x00000000ec180000, 0x00000000f4d80000, 0x0000000100000000)
  eden space 90624K, 62% used [0x00000000ec180000,0x00000000ef88d5d0,0x00000000f1a00000)
  from space 8704K, 99% used [0x00000000f1a00000,0x00000000f2278010,0x00000000f2280000)
  to   space 11264K, 0% used [0x00000000f4280000,0x00000000f4280000,0x00000000f4d80000)
 ParOldGen       total 61952K, used 30904K [0x00000000c4400000, 0x00000000c8080000, 0x00000000ec180000)
  object space 61952K, 49% used [0x00000000c4400000,0x00000000c622e258,0x00000000c8080000)
 Metaspace       used 39038K, capacity 40542K, committed 40792K, reserved 1083392K
  class space    used 5547K, capacity 6157K, committed 6232K, reserved 1048576K
GC Heap History (10 events):
Event: 12.514 GC heap before
{Heap before GC invocations=13 (full 1):
 PSYoungGen      total 52736K, used 52049K [0x00000000ec180000, 0x00000000f0c00000, 0x0000000100000000)
  eden space 47104K, 100% used [0x00000000ec180000,0x00000000eef80000,0x00000000eef80000)
  from space 5632K, 87% used [0x00000000eef80000,0x00000000ef454588,0x00000000ef500000)
  to   space 6144K, 0% used [0x00000000f0600000,0x00000000f0600000,0x00000000f0c00000)
 ParOldGen       total 31744K, used 11380K [0x00000000c4400000, 0x00000000c6300000, 0x00000000ec180000)
  object space 31744K, 35% used [0x00000000c4400000,0x00000000c4f1d0d0,0x00000000c6300000)
 Metaspace       used 29581K, capacity 30424K, committed 30592K, reserved 1075200K
  class space    used 4061K, capacity 4382K, committed 4480K, reserved 1048576K
Event: 12.534 GC heap after
Heap after GC invocations=13 (full 1):
 PSYoungGen      total 69632K, used 6009K [0x00000000ec180000, 0x00000000f1100000, 0x0000000100000000)
  eden space 63488K, 0% used [0x00000000ec180000,0x00000000ec180000,0x00000000eff80000)
  from space 6144K, 97% used [0x00000000f0600000,0x00000000f0bde530,0x00000000f0c00000)
  to   space 6656K, 0% used [0x00000000eff80000,0x00000000eff80000,0x00000000f0600000)
 ParOldGen       total 31744K, used 14482K [0x00000000c4400000, 0x00000000c6300000, 0x00000000ec180000)
  object space 31744K, 45% used [0x00000000c4400000,0x00000000c5224b70,0x00000000c6300000)
 Metaspace       used 29581K, capacity 30424K, committed 30592K, reserved 1075200K
  class space    used 4061K, capacity 4382K, committed 4480K, reserved 1048576K
}
Event: 14.890 GC heap before
{Heap before GC invocations=14 (full 1):
 PSYoungGen      total 69632K, used 69497K [0x00000000ec180000, 0x00000000f1100000, 0x0000000100000000)
  eden space 63488K, 100% used [0x00000000ec180000,0x00000000eff80000,0x00000000eff80000)
  from space 6144K, 97% used [0x00000000f0600000,0x00000000f0bde530,0x00000000f0c00000)
  to   space 6656K, 0% used [0x00000000eff80000,0x00000000eff80000,0x00000000f0600000)
 ParOldGen       total 31744K, used 14482K [0x00000000c4400000, 0x00000000c6300000, 0x00000000ec180000)
  object space 31744K, 45% used [0x00000000c4400000,0x00000000c5224b70,0x00000000c6300000)
 Metaspace       used 32827K, capacity 33832K, committed 33920K, reserved 1079296K
  class space    used 4540K, capacity 4939K, committed 4992K, reserved 1048576K
Event: 14.906 GC heap after
Heap after GC invocations=14 (full 1):
 PSYoungGen      total 70144K, used 6632K [0x00000000ec180000, 0x00000000f2b80000, 0x0000000100000000)
  eden space 63488K, 0% used [0x00000000ec180000,0x00000000ec180000,0x00000000eff80000)
  from space 6656K, 99% used [0x00000000eff80000,0x00000000f05fa298,0x00000000f0600000)
  to   space 9216K, 0% used [0x00000000f2280000,0x00000000f2280000,0x00000000f2b80000)
 ParOldGen       total 31744K, used 20003K [0x00000000c4400000, 0x00000000c6300000, 0x00000000ec180000)
  object space 31744K, 63% used [0x00000000c4400000,0x00000000c5788c78,0x00000000c6300000)
 Metaspace       used 32827K, capacity 33832K, committed 33920K, reserved 1079296K
  class space    used 4540K, capacity 4939K, committed 4992K, reserved 1048576K
}
Event: 16.087 GC heap before
{Heap before GC invocations=15 (full 1):
 PSYoungGen      total 70144K, used 54874K [0x00000000ec180000, 0x00000000f2b80000, 0x0000000100000000)
  eden space 63488K, 75% used [0x00000000ec180000,0x00000000ef09c880,0x00000000eff80000)
  from space 6656K, 99% used [0x00000000eff80000,0x00000000f05fa298,0x00000000f0600000)
  to   space 9216K, 0% used [0x00000000f2280000,0x00000000f2280000,0x00000000f2b80000)
 ParOldGen       total 31744K, used 20003K [0x00000000c4400000, 0x00000000c6300000, 0x00000000ec180000)
  object space 31744K, 63% used [0x00000000c4400000,0x00000000c5788c78,0x00000000c6300000)
 Metaspace       used 34362K, capacity 35306K, committed 35416K, reserved 1079296K
  class space    used 4731K, capacity 5146K, committed 5208K, reserved 1048576K
Event: 16.111 GC heap after
Heap after GC invocations=15 (full 1):
 PSYoungGen      total 99840K, used 5135K [0x00000000ec180000, 0x00000000f2b80000, 0x0000000100000000)
  eden space 90624K, 0% used [0x00000000ec180000,0x00000000ec180000,0x00000000f1a00000)
  from space 9216K, 55% used [0x00000000f2280000,0x00000000f2783cf8,0x00000000f2b80000)
  to   space 8704K, 0% used [0x00000000f1a00000,0x00000000f1a00000,0x00000000f2280000)
 ParOldGen       total 31744K, used 26621K [0x00000000c4400000, 0x00000000c6300000, 0x00000000ec180000)
  object space 31744K, 83% used [0x00000000c4400000,0x00000000c5dff5b0,0x00000000c6300000)
 Metaspace       used 34362K, capacity 35306K, committed 35416K, reserved 1079296K
  class space    used 4731K, capacity 5146K, committed 5208K, reserved 1048576K
}
Event: 16.111 GC heap before
{Heap before GC invocations=16 (full 2):
 PSYoungGen      total 99840K, used 5135K [0x00000000ec180000, 0x00000000f2b80000, 0x0000000100000000)
  eden space 90624K, 0% used [0x00000000ec180000,0x00000000ec180000,0x00000000f1a00000)
  from space 9216K, 55% used [0x00000000f2280000,0x00000000f2783cf8,0x00000000f2b80000)
  to   space 8704K, 0% used [0x00000000f1a00000,0x00000000f1a00000,0x00000000f2280000)
 ParOldGen       total 31744K, used 26621K [0x00000000c4400000, 0x00000000c6300000, 0x00000000ec180000)
  object space 31744K, 83% used [0x00000000c4400000,0x00000000c5dff5b0,0x00000000c6300000)
 Metaspace       used 34362K, capacity 35306K, committed 35416K, reserved 1079296K
  class space    used 4731K, capacity 5146K, committed 5208K, reserved 1048576K
Event: 16.272 GC heap after
Heap after GC invocations=16 (full 2):
 PSYoungGen      total 99840K, used 0K [0x00000000ec180000, 0x00000000f2b80000, 0x0000000100000000)
  eden space 90624K, 0% used [0x00000000ec180000,0x00000000ec180000,0x00000000f1a00000)
  from space 9216K, 0% used [0x00000000f2280000,0x00000000f2280000,0x00000000f2b80000)
  to   space 8704K, 0% used [0x00000000f1a00000,0x00000000f1a00000,0x00000000f2280000)
 ParOldGen       total 61952K, used 27285K [0x00000000c4400000, 0x00000000c8080000, 0x00000000ec180000)
  object space 61952K, 44% used [0x00000000c4400000,0x00000000c5ea5420,0x00000000c8080000)
 Metaspace       used 34362K, capacity 35306K, committed 35416K, reserved 1079296K
  class space    used 4731K, capacity 5146K, committed 5208K, reserved 1048576K
}
Event: 17.838 GC heap before
{Heap before GC invocations=17 (full 2):
 PSYoungGen      total 99840K, used 90624K [0x00000000ec180000, 0x00000000f2b80000, 0x0000000100000000)
  eden space 90624K, 100% used [0x00000000ec180000,0x00000000f1a00000,0x00000000f1a00000)
  from space 9216K, 0% used [0x00000000f2280000,0x00000000f2280000,0x00000000f2b80000)
  to   space 8704K, 0% used [0x00000000f1a00000,0x00000000f1a00000,0x00000000f2280000)
 ParOldGen       total 61952K, used 27285K [0x00000000c4400000, 0x00000000c8080000, 0x00000000ec180000)
  object space 61952K, 44% used [0x00000000c4400000,0x00000000c5ea5420,0x00000000c8080000)
 Metaspace       used 37041K, capacity 38228K, committed 38488K, reserved 1081344K
  class space    used 5199K, capacity 5700K, committed 5720K, reserved 1048576K
Event: 17.868 GC heap after
Heap after GC invocations=17 (full 2):
 PSYoungGen      total 99328K, used 8672K [0x00000000ec180000, 0x00000000f4d80000, 0x0000000100000000)
  eden space 90624K, 0% used [0x00000000ec180000,0x00000000ec180000,0x00000000f1a00000)
  from space 8704K, 99% used [0x00000000f1a00000,0x00000000f2278010,0x00000000f2280000)
  to   space 11264K, 0% used [0x00000000f4280000,0x00000000f4280000,0x00000000f4d80000)
 ParOldGen       total 61952K, used 30904K [0x00000000c4400000, 0x00000000c8080000, 0x00000000ec180000)
  object space 61952K, 49% used [0x00000000c4400000,0x00000000c622e258,0x00000000c8080000)
 Metaspace       used 37041K, capacity 38228K, committed 38488K, reserved 1081344K
  class space    used 5199K, capacity 5700K, committed 5720K, reserved 1048576K
}

